2025-09-18 21:09:09 | INFO | Sent message to topic 'buzzline_json': {'message': 'JSON makes life easier.', 'author': 'Alice'}
2025-09-18 21:09:09 | INFO | Processed JSON message: {'message': 'Streaming data is fun.', 'author': 'Eve'}
2025-09-18 21:09:09 | INFO | Message received from author: Eve
2025-09-18 21:09:09 | INFO | Updated author counts: {'Eve': 42, 'Alice': 62, 'Charlie': 36, 'Diana': 69, 'Bob': 44}
2025-09-18 21:09:09 | INFO | Chart updated successfully for message: {"message": "Streaming data is fun.", "author": "Eve"}
2025-09-18 21:09:09 | INFO | Processed JSON message: {'message': 'Kafka is awesome.', 'author': 'Alice'}
2025-09-18 21:09:09 | INFO | Message received from author: Alice
2025-09-18 21:09:09 | INFO | Updated author counts: {'Eve': 42, 'Alice': 63, 'Charlie': 36, 'Diana': 69, 'Bob': 44}
2025-09-18 21:09:09 | INFO | Chart updated successfully for message: {"message": "Kafka is awesome.", "author": "Alice"}
2025-09-18 21:09:09 | INFO | Processed JSON message: {'message': 'JSON makes life easier.', 'author': 'Bob'}
2025-09-18 21:09:09 | INFO | Message received from author: Bob
2025-09-18 21:09:09 | INFO | Updated author counts: {'Eve': 42, 'Alice': 63, 'Charlie': 36, 'Diana': 69, 'Bob': 45}
2025-09-18 21:09:09 | INFO | Chart updated successfully for message: {"message": "JSON makes life easier.", "author": "Bob"}
2025-09-18 21:09:09 | INFO | Processed JSON message: {'message': 'This is a buzz message.', 'author': 'Charlie'}
2025-09-18 21:09:10 | INFO | Message received from author: Charlie
2025-09-18 21:09:10 | INFO | Updated author counts: {'Eve': 42, 'Alice': 63, 'Charlie': 37, 'Diana': 69, 'Bob': 45}
2025-09-18 21:09:10 | INFO | Chart updated successfully for message: {"message": "This is a buzz message.", "author": "Charlie"}
2025-09-18 21:09:10 | INFO | Processed JSON message: {'message': 'Have a great day!', 'author': 'Diana'}
2025-09-18 21:09:10 | INFO | Message received from author: Diana
2025-09-18 21:09:10 | INFO | Updated author counts: {'Eve': 42, 'Alice': 63, 'Charlie': 37, 'Diana': 70, 'Bob': 45}
2025-09-18 21:09:10 | INFO | Chart updated successfully for message: {"message": "Have a great day!", "author": "Diana"}
2025-09-18 21:09:10 | INFO | Processed JSON message: {'message': 'Distributed systems are fascinating.', 'author': 'Bob'}
2025-09-18 21:09:10 | INFO | Message received from author: Bob
2025-09-18 21:09:10 | INFO | Updated author counts: {'Eve': 42, 'Alice': 63, 'Charlie': 37, 'Diana': 70, 'Bob': 46}
2025-09-18 21:09:10 | INFO | Chart updated successfully for message: {"message": "Distributed systems are fascinating.", "author": "Bob"}
2025-09-18 21:09:10 | INFO | Processed JSON message: {'message': 'Kafka is awesome.', 'author': 'Alice'}
2025-09-18 21:09:10 | INFO | Message received from author: Alice
2025-09-18 21:09:10 | INFO | Updated author counts: {'Eve': 42, 'Alice': 64, 'Charlie': 37, 'Diana': 70, 'Bob': 46}
2025-09-18 21:09:10 | INFO | Chart updated successfully for message: {"message": "Kafka is awesome.", "author": "Alice"}
2025-09-18 21:09:10 | INFO | Processed JSON message: {'message': 'Streaming data is fun.', 'author': 'Alice'}
2025-09-18 21:09:10 | INFO | Message received from author: Alice
2025-09-18 21:09:10 | INFO | Updated author counts: {'Eve': 42, 'Alice': 65, 'Charlie': 37, 'Diana': 70, 'Bob': 46}
2025-09-18 21:09:10 | INFO | Chart updated successfully for message: {"message": "Streaming data is fun.", "author": "Alice"}
2025-09-18 21:09:10 | INFO | Processed JSON message: {'message': 'Have a great day!', 'author': 'Diana'}
2025-09-18 21:09:10 | INFO | Message received from author: Diana
2025-09-18 21:09:10 | INFO | Updated author counts: {'Eve': 42, 'Alice': 65, 'Charlie': 37, 'Diana': 71, 'Bob': 46}
2025-09-18 21:09:10 | INFO | Chart updated successfully for message: {"message": "Have a great day!", "author": "Diana"}
2025-09-18 21:09:10 | INFO | Processed JSON message: {'message': 'Streaming data is fun.', 'author': 'Alice'}
2025-09-18 21:09:10 | INFO | Message received from author: Alice
2025-09-18 21:09:10 | INFO | Updated author counts: {'Eve': 42, 'Alice': 66, 'Charlie': 37, 'Diana': 71, 'Bob': 46}
2025-09-18 21:09:10 | INFO | Chart updated successfully for message: {"message": "Streaming data is fun.", "author": "Alice"}
2025-09-18 21:09:10 | INFO | Processed JSON message: {'message': 'This is a buzz message.', 'author': 'Diana'}
2025-09-18 21:09:10 | INFO | Message received from author: Diana
2025-09-18 21:09:10 | INFO | Updated author counts: {'Eve': 42, 'Alice': 66, 'Charlie': 37, 'Diana': 72, 'Bob': 46}
2025-09-18 21:09:10 | INFO | Chart updated successfully for message: {"message": "This is a buzz message.", "author": "Diana"}
2025-09-18 21:09:10 | INFO | Processed JSON message: {'message': 'Data engineering is my passion.', 'author': 'Bob'}
2025-09-18 21:09:10 | INFO | Message received from author: Bob
2025-09-18 21:09:10 | INFO | Updated author counts: {'Eve': 42, 'Alice': 66, 'Charlie': 37, 'Diana': 72, 'Bob': 47}
2025-09-18 21:09:11 | INFO | Chart updated successfully for message: {"message": "Data engineering is my passion.", "author": "Bob"}
2025-09-18 21:09:11 | INFO | Processed JSON message: {'message': 'Have a great day!', 'author': 'Diana'}
2025-09-18 21:09:11 | INFO | Message received from author: Diana
2025-09-18 21:09:11 | INFO | Updated author counts: {'Eve': 42, 'Alice': 66, 'Charlie': 37, 'Diana': 73, 'Bob': 47}
2025-09-18 21:09:11 | INFO | Chart updated successfully for message: {"message": "Have a great day!", "author": "Diana"}
2025-09-18 21:09:11 | INFO | Processed JSON message: {'message': 'Kafka is awesome.', 'author': 'Alice'}
2025-09-18 21:09:11 | INFO | Message received from author: Alice
2025-09-18 21:09:11 | INFO | Updated author counts: {'Eve': 42, 'Alice': 67, 'Charlie': 37, 'Diana': 73, 'Bob': 47}
2025-09-18 21:09:11 | INFO | Chart updated successfully for message: {"message": "Kafka is awesome.", "author": "Alice"}
2025-09-18 21:09:11 | INFO | Processed JSON message: {'message': 'Kafka is awesome.', 'author': 'Eve'}
2025-09-18 21:09:11 | INFO | Message received from author: Eve
2025-09-18 21:09:11 | INFO | Updated author counts: {'Eve': 43, 'Alice': 67, 'Charlie': 37, 'Diana': 73, 'Bob': 47}
2025-09-18 21:09:11 | INFO | Chart updated successfully for message: {"message": "Kafka is awesome.", "author": "Eve"}
2025-09-18 21:09:11 | INFO | Processed JSON message: {'message': 'Have a great day!', 'author': 'Diana'}
2025-09-18 21:09:11 | INFO | Message received from author: Diana
2025-09-18 21:09:11 | INFO | Updated author counts: {'Eve': 43, 'Alice': 67, 'Charlie': 37, 'Diana': 74, 'Bob': 47}
2025-09-18 21:09:11 | INFO | Chart updated successfully for message: {"message": "Have a great day!", "author": "Diana"}
2025-09-18 21:09:11 | INFO | Processed JSON message: {'message': 'Buzz messages for everyone.', 'author': 'Charlie'}
2025-09-18 21:09:11 | INFO | Message received from author: Charlie
2025-09-18 21:09:11 | INFO | Updated author counts: {'Eve': 43, 'Alice': 67, 'Charlie': 38, 'Diana': 74, 'Bob': 47}
2025-09-18 21:09:11 | INFO | Chart updated successfully for message: {"message": "Buzz messages for everyone.", "author": "Charlie"}
2025-09-18 21:09:11 | INFO | Processed JSON message: {'message': 'This is a buzz message.', 'author': 'Charlie'}
2025-09-18 21:09:11 | INFO | Message received from author: Charlie
2025-09-18 21:09:11 | INFO | Updated author counts: {'Eve': 43, 'Alice': 67, 'Charlie': 39, 'Diana': 74, 'Bob': 47}
2025-09-18 21:09:11 | INFO | Chart updated successfully for message: {"message": "This is a buzz message.", "author": "Charlie"}
2025-09-18 21:09:11 | INFO | Processed JSON message: {'message': 'Streaming data is fun.', 'author': 'Alice'}
2025-09-18 21:09:11 | INFO | Message received from author: Alice
2025-09-18 21:09:11 | INFO | Updated author counts: {'Eve': 43, 'Alice': 68, 'Charlie': 39, 'Diana': 74, 'Bob': 47}
2025-09-18 21:09:11 | INFO | Chart updated successfully for message: {"message": "Streaming data is fun.", "author": "Alice"}
2025-09-18 21:09:11 | INFO | Processed JSON message: {'message': 'Hello, Kafka world!', 'author': 'Diana'}
2025-09-18 21:09:11 | INFO | Message received from author: Diana
2025-09-18 21:09:11 | INFO | Updated author counts: {'Eve': 43, 'Alice': 68, 'Charlie': 39, 'Diana': 75, 'Bob': 47}
2025-09-18 21:09:11 | INFO | Chart updated successfully for message: {"message": "Hello, Kafka world!", "author": "Diana"}
2025-09-18 21:09:11 | INFO | Processed JSON message: {'message': 'Kafka is awesome.', 'author': 'Bob'}
2025-09-18 21:09:11 | INFO | Message received from author: Bob
2025-09-18 21:09:11 | INFO | Updated author counts: {'Eve': 43, 'Alice': 68, 'Charlie': 39, 'Diana': 75, 'Bob': 48}
2025-09-18 21:09:11 | INFO | Chart updated successfully for message: {"message": "Kafka is awesome.", "author": "Bob"}
2025-09-18 21:09:11 | INFO | Processed JSON message: {'message': 'I love Python!', 'author': 'Eve'}
2025-09-18 21:09:11 | INFO | Message received from author: Eve
2025-09-18 21:09:11 | INFO | Updated author counts: {'Eve': 44, 'Alice': 68, 'Charlie': 39, 'Diana': 75, 'Bob': 48}
2025-09-18 21:09:12 | INFO | Chart updated successfully for message: {"message": "I love Python!", "author": "Eve"}
2025-09-18 21:09:12 | INFO | Processed JSON message: {'message': 'JSON makes life easier.', 'author': 'Charlie'}
2025-09-18 21:09:12 | INFO | Message received from author: Charlie
2025-09-18 21:09:12 | INFO | Updated author counts: {'Eve': 44, 'Alice': 68, 'Charlie': 40, 'Diana': 75, 'Bob': 48}
2025-09-18 21:09:12 | INFO | Chart updated successfully for message: {"message": "JSON makes life easier.", "author": "Charlie"}
2025-09-18 21:09:12 | INFO | Processed JSON message: {'message': 'I love Python!', 'author': 'Charlie'}
2025-09-18 21:09:12 | INFO | Message received from author: Charlie
2025-09-18 21:09:12 | INFO | Updated author counts: {'Eve': 44, 'Alice': 68, 'Charlie': 41, 'Diana': 75, 'Bob': 48}
2025-09-18 21:09:12 | INFO | Chart updated successfully for message: {"message": "I love Python!", "author": "Charlie"}
2025-09-18 21:09:12 | INFO | Processed JSON message: {'message': 'I love Python!', 'author': 'Charlie'}
2025-09-18 21:09:12 | INFO | Message received from author: Charlie
2025-09-18 21:09:12 | INFO | Updated author counts: {'Eve': 44, 'Alice': 68, 'Charlie': 42, 'Diana': 75, 'Bob': 48}
2025-09-18 21:09:12 | INFO | Chart updated successfully for message: {"message": "I love Python!", "author": "Charlie"}
2025-09-18 21:09:12 | INFO | Processed JSON message: {'message': 'I love Python!', 'author': 'Diana'}
2025-09-18 21:09:12 | INFO | Message received from author: Diana
2025-09-18 21:09:12 | INFO | Updated author counts: {'Eve': 44, 'Alice': 68, 'Charlie': 42, 'Diana': 76, 'Bob': 48}
2025-09-18 21:09:12 | INFO | Chart updated successfully for message: {"message": "I love Python!", "author": "Diana"}
2025-09-18 21:09:12 | INFO | Processed JSON message: {'message': 'Streaming data is fun.', 'author': 'Diana'}
2025-09-18 21:09:12 | INFO | Message received from author: Diana
2025-09-18 21:09:12 | INFO | Updated author counts: {'Eve': 44, 'Alice': 68, 'Charlie': 42, 'Diana': 77, 'Bob': 48}
2025-09-18 21:09:12 | INFO | Chart updated successfully for message: {"message": "Streaming data is fun.", "author": "Diana"}
2025-09-18 21:09:12 | INFO | Processed JSON message: {'message': 'Data engineering is my passion.', 'author': 'Eve'}
2025-09-18 21:09:12 | INFO | Message received from author: Eve
2025-09-18 21:09:12 | INFO | Updated author counts: {'Eve': 45, 'Alice': 68, 'Charlie': 42, 'Diana': 77, 'Bob': 48}
2025-09-18 21:09:12 | INFO | Chart updated successfully for message: {"message": "Data engineering is my passion.", "author": "Eve"}
2025-09-18 21:09:12 | INFO | Processed JSON message: {'message': 'Buzz messages for everyone.', 'author': 'Eve'}
2025-09-18 21:09:12 | INFO | Sent message to topic 'buzzline_json': {'message': 'Buzz messages for everyone.', 'author': 'Charlie'}
2025-09-18 21:09:12 | INFO | Message received from author: Eve
2025-09-18 21:09:12 | INFO | Updated author counts: {'Eve': 46, 'Alice': 68, 'Charlie': 42, 'Diana': 77, 'Bob': 48}
2025-09-18 21:09:12 | INFO | Chart updated successfully for message: {"message": "Buzz messages for everyone.", "author": "Eve"}
2025-09-18 21:09:12 | INFO | Processed JSON message: {'message': 'JSON makes life easier.', 'author': 'Eve'}
2025-09-18 21:09:12 | INFO | Message received from author: Eve
2025-09-18 21:09:12 | INFO | Updated author counts: {'Eve': 47, 'Alice': 68, 'Charlie': 42, 'Diana': 77, 'Bob': 48}
2025-09-18 21:09:13 | INFO | Chart updated successfully for message: {"message": "JSON makes life easier.", "author": "Eve"}
2025-09-18 21:09:13 | INFO | Processed JSON message: {'message': 'Have a great day!', 'author': 'Alice'}
2025-09-18 21:09:13 | INFO | Message received from author: Alice
2025-09-18 21:09:13 | INFO | Updated author counts: {'Eve': 47, 'Alice': 69, 'Charlie': 42, 'Diana': 77, 'Bob': 48}
2025-09-18 21:09:13 | INFO | Chart updated successfully for message: {"message": "Have a great day!", "author": "Alice"}
2025-09-18 21:09:13 | INFO | Processed JSON message: {'message': 'I love Python!', 'author': 'Bob'}
2025-09-18 21:09:13 | INFO | Message received from author: Bob
2025-09-18 21:09:13 | INFO | Updated author counts: {'Eve': 47, 'Alice': 69, 'Charlie': 42, 'Diana': 77, 'Bob': 49}
2025-09-18 21:09:13 | INFO | Chart updated successfully for message: {"message": "I love Python!", "author": "Bob"}
2025-09-18 21:09:13 | INFO | Processed JSON message: {'message': 'I love Python!', 'author': 'Bob'}
2025-09-18 21:09:13 | INFO | Message received from author: Bob
2025-09-18 21:09:13 | INFO | Updated author counts: {'Eve': 47, 'Alice': 69, 'Charlie': 42, 'Diana': 77, 'Bob': 50}
2025-09-18 21:09:13 | INFO | Chart updated successfully for message: {"message": "I love Python!", "author": "Bob"}
2025-09-18 21:09:13 | INFO | Processed JSON message: {'message': 'This is a buzz message.', 'author': 'Eve'}
2025-09-18 21:09:13 | INFO | Message received from author: Eve
2025-09-18 21:09:13 | INFO | Updated author counts: {'Eve': 48, 'Alice': 69, 'Charlie': 42, 'Diana': 77, 'Bob': 50}
2025-09-18 21:09:13 | INFO | Chart updated successfully for message: {"message": "This is a buzz message.", "author": "Eve"}
2025-09-18 21:09:13 | INFO | Processed JSON message: {'message': 'This is a buzz message.', 'author': 'Alice'}
2025-09-18 21:09:13 | INFO | Message received from author: Alice
2025-09-18 21:09:13 | INFO | Updated author counts: {'Eve': 48, 'Alice': 70, 'Charlie': 42, 'Diana': 77, 'Bob': 50}
2025-09-18 21:09:13 | INFO | Chart updated successfully for message: {"message": "This is a buzz message.", "author": "Alice"}
2025-09-18 21:09:13 | INFO | Processed JSON message: {'message': 'Distributed systems are fascinating.', 'author': 'Diana'}
2025-09-18 21:09:13 | INFO | Message received from author: Diana
2025-09-18 21:09:13 | INFO | Updated author counts: {'Eve': 48, 'Alice': 70, 'Charlie': 42, 'Diana': 78, 'Bob': 50}
2025-09-18 21:09:13 | INFO | Chart updated successfully for message: {"message": "Distributed systems are fascinating.", "author": "Diana"}
2025-09-18 21:09:13 | INFO | Processed JSON message: {'message': 'Streaming data is fun.', 'author': 'Eve'}
2025-09-18 21:09:13 | INFO | Message received from author: Eve
2025-09-18 21:09:13 | INFO | Updated author counts: {'Eve': 49, 'Alice': 70, 'Charlie': 42, 'Diana': 78, 'Bob': 50}
2025-09-18 21:09:13 | INFO | Chart updated successfully for message: {"message": "Streaming data is fun.", "author": "Eve"}
2025-09-18 21:09:13 | INFO | Processed JSON message: {'message': 'Have a great day!', 'author': 'Charlie'}
2025-09-18 21:09:13 | INFO | Message received from author: Charlie
2025-09-18 21:09:13 | INFO | Updated author counts: {'Eve': 49, 'Alice': 70, 'Charlie': 43, 'Diana': 78, 'Bob': 50}
2025-09-18 21:09:14 | INFO | Chart updated successfully for message: {"message": "Have a great day!", "author": "Charlie"}
2025-09-18 21:09:14 | INFO | Processed JSON message: {'message': 'JSON makes life easier.', 'author': 'Eve'}
2025-09-18 21:09:14 | INFO | Message received from author: Eve
2025-09-18 21:09:14 | INFO | Updated author counts: {'Eve': 50, 'Alice': 70, 'Charlie': 43, 'Diana': 78, 'Bob': 50}
2025-09-18 21:09:14 | INFO | Chart updated successfully for message: {"message": "JSON makes life easier.", "author": "Eve"}
2025-09-18 21:09:14 | INFO | Processed JSON message: {'message': 'Buzz messages for everyone.', 'author': 'Diana'}
2025-09-18 21:09:14 | INFO | Message received from author: Diana
2025-09-18 21:09:14 | INFO | Updated author counts: {'Eve': 50, 'Alice': 70, 'Charlie': 43, 'Diana': 79, 'Bob': 50}
2025-09-18 21:09:14 | INFO | Chart updated successfully for message: {"message": "Buzz messages for everyone.", "author": "Diana"}
2025-09-18 21:09:14 | INFO | Processed JSON message: {'message': 'This is a buzz message.', 'author': 'Charlie'}
2025-09-18 21:09:14 | INFO | Message received from author: Charlie
2025-09-18 21:09:14 | INFO | Updated author counts: {'Eve': 50, 'Alice': 70, 'Charlie': 44, 'Diana': 79, 'Bob': 50}
2025-09-18 21:09:14 | INFO | Chart updated successfully for message: {"message": "This is a buzz message.", "author": "Charlie"}
2025-09-18 21:09:14 | INFO | Processed JSON message: {'message': 'Distributed systems are fascinating.', 'author': 'Charlie'}
2025-09-18 21:09:14 | INFO | Message received from author: Charlie
2025-09-18 21:09:14 | INFO | Updated author counts: {'Eve': 50, 'Alice': 70, 'Charlie': 45, 'Diana': 79, 'Bob': 50}
2025-09-18 21:09:14 | INFO | Chart updated successfully for message: {"message": "Distributed systems are fascinating.", "author": "Charlie"}
2025-09-18 21:09:14 | INFO | Processed JSON message: {'message': 'Buzz messages for everyone.', 'author': 'Bob'}
2025-09-18 21:09:14 | INFO | Message received from author: Bob
2025-09-18 21:09:14 | INFO | Updated author counts: {'Eve': 50, 'Alice': 70, 'Charlie': 45, 'Diana': 79, 'Bob': 51}
2025-09-18 21:09:14 | INFO | Chart updated successfully for message: {"message": "Buzz messages for everyone.", "author": "Bob"}
2025-09-18 21:09:14 | INFO | Processed JSON message: {'message': 'This is a buzz message.', 'author': 'Eve'}
2025-09-18 21:09:14 | INFO | Message received from author: Eve
2025-09-18 21:09:14 | INFO | Updated author counts: {'Eve': 51, 'Alice': 70, 'Charlie': 45, 'Diana': 79, 'Bob': 51}
2025-09-18 21:09:14 | INFO | Chart updated successfully for message: {"message": "This is a buzz message.", "author": "Eve"}
2025-09-18 21:09:14 | INFO | Processed JSON message: {'message': 'Data engineering is my passion.', 'author': 'Diana'}
2025-09-18 21:09:14 | INFO | Message received from author: Diana
2025-09-18 21:09:14 | INFO | Updated author counts: {'Eve': 51, 'Alice': 70, 'Charlie': 45, 'Diana': 80, 'Bob': 51}
2025-09-18 21:09:14 | INFO | Chart updated successfully for message: {"message": "Data engineering is my passion.", "author": "Diana"}
2025-09-18 21:09:14 | INFO | Processed JSON message: {'message': 'Data engineering is my passion.', 'author': 'Alice'}
2025-09-18 21:09:14 | INFO | Message received from author: Alice
2025-09-18 21:09:14 | INFO | Updated author counts: {'Eve': 51, 'Alice': 71, 'Charlie': 45, 'Diana': 80, 'Bob': 51}
2025-09-18 21:09:14 | INFO | Chart updated successfully for message: {"message": "Data engineering is my passion.", "author": "Alice"}
2025-09-18 21:09:14 | INFO | Processed JSON message: {'message': 'Buzz messages for everyone.', 'author': 'Diana'}
2025-09-18 21:09:14 | INFO | Message received from author: Diana
2025-09-18 21:09:14 | INFO | Updated author counts: {'Eve': 51, 'Alice': 71, 'Charlie': 45, 'Diana': 81, 'Bob': 51}
2025-09-18 21:09:15 | INFO | Chart updated successfully for message: {"message": "Buzz messages for everyone.", "author": "Diana"}
2025-09-18 21:09:15 | INFO | Processed JSON message: {'message': 'JSON makes life easier.', 'author': 'Alice'}
2025-09-18 21:09:15 | INFO | Message received from author: Alice
2025-09-18 21:09:15 | INFO | Updated author counts: {'Eve': 51, 'Alice': 72, 'Charlie': 45, 'Diana': 81, 'Bob': 51}
2025-09-18 21:09:15 | INFO | Chart updated successfully for message: {"message": "JSON makes life easier.", "author": "Alice"}
2025-09-18 21:09:15 | INFO | Processed JSON message: {'message': 'Data engineering is my passion.', 'author': 'Eve'}
2025-09-18 21:09:15 | INFO | Message received from author: Eve
2025-09-18 21:09:15 | INFO | Updated author counts: {'Eve': 52, 'Alice': 72, 'Charlie': 45, 'Diana': 81, 'Bob': 51}
2025-09-18 21:09:15 | INFO | Chart updated successfully for message: {"message": "Data engineering is my passion.", "author": "Eve"}
2025-09-18 21:09:15 | INFO | Processed JSON message: {'message': 'Distributed systems are fascinating.', 'author': 'Alice'}
2025-09-18 21:09:15 | INFO | Message received from author: Alice
2025-09-18 21:09:15 | INFO | Updated author counts: {'Eve': 52, 'Alice': 73, 'Charlie': 45, 'Diana': 81, 'Bob': 51}
2025-09-18 21:09:15 | INFO | Chart updated successfully for message: {"message": "Distributed systems are fascinating.", "author": "Alice"}
2025-09-18 21:09:15 | INFO | Processed JSON message: {'message': 'Have a great day!', 'author': 'Charlie'}
2025-09-18 21:09:15 | INFO | Message received from author: Charlie
2025-09-18 21:09:15 | INFO | Updated author counts: {'Eve': 52, 'Alice': 73, 'Charlie': 46, 'Diana': 81, 'Bob': 51}
2025-09-18 21:09:15 | INFO | Chart updated successfully for message: {"message": "Have a great day!", "author": "Charlie"}
2025-09-18 21:09:15 | INFO | Processed JSON message: {'message': 'Data engineering is my passion.', 'author': 'Alice'}
2025-09-18 21:09:15 | INFO | Message received from author: Alice
2025-09-18 21:09:15 | INFO | Updated author counts: {'Eve': 52, 'Alice': 74, 'Charlie': 46, 'Diana': 81, 'Bob': 51}
2025-09-18 21:09:15 | INFO | Sent message to topic 'buzzline_json': {'message': 'Buzz messages for everyone.', 'author': 'Bob'}
2025-09-18 21:09:15 | INFO | Chart updated successfully for message: {"message": "Data engineering is my passion.", "author": "Alice"}
2025-09-18 21:09:15 | INFO | Processed JSON message: {'message': 'Distributed systems are fascinating.', 'author': 'Diana'}
2025-09-18 21:09:15 | INFO | Message received from author: Diana
2025-09-18 21:09:15 | INFO | Updated author counts: {'Eve': 52, 'Alice': 74, 'Charlie': 46, 'Diana': 82, 'Bob': 51}
2025-09-18 21:09:15 | INFO | Chart updated successfully for message: {"message": "Distributed systems are fascinating.", "author": "Diana"}
2025-09-18 21:09:15 | INFO | Processed JSON message: {'message': 'Buzz messages for everyone.', 'author': 'Alice'}
2025-09-18 21:09:15 | INFO | Message received from author: Alice
2025-09-18 21:09:15 | INFO | Updated author counts: {'Eve': 52, 'Alice': 75, 'Charlie': 46, 'Diana': 82, 'Bob': 51}
2025-09-18 21:09:16 | INFO | Chart updated successfully for message: {"message": "Buzz messages for everyone.", "author": "Alice"}
2025-09-18 21:09:16 | INFO | Processed JSON message: {'message': 'Hello, Kafka world!', 'author': 'Diana'}
2025-09-18 21:09:16 | INFO | Message received from author: Diana
2025-09-18 21:09:16 | INFO | Updated author counts: {'Eve': 52, 'Alice': 75, 'Charlie': 46, 'Diana': 83, 'Bob': 51}
2025-09-18 21:09:16 | INFO | Chart updated successfully for message: {"message": "Hello, Kafka world!", "author": "Diana"}
2025-09-18 21:09:16 | INFO | Processed JSON message: {'message': 'This is a buzz message.', 'author': 'Eve'}
2025-09-18 21:09:16 | INFO | Message received from author: Eve
2025-09-18 21:09:16 | INFO | Updated author counts: {'Eve': 53, 'Alice': 75, 'Charlie': 46, 'Diana': 83, 'Bob': 51}
2025-09-18 21:09:16 | INFO | Chart updated successfully for message: {"message": "This is a buzz message.", "author": "Eve"}
2025-09-18 21:09:16 | INFO | Processed JSON message: {'message': 'JSON makes life easier.', 'author': 'Eve'}
2025-09-18 21:09:16 | INFO | Message received from author: Eve
2025-09-18 21:09:16 | INFO | Updated author counts: {'Eve': 54, 'Alice': 75, 'Charlie': 46, 'Diana': 83, 'Bob': 51}
2025-09-18 21:09:16 | INFO | Chart updated successfully for message: {"message": "JSON makes life easier.", "author": "Eve"}
2025-09-18 21:09:16 | INFO | Processed JSON message: {'message': 'JSON makes life easier.', 'author': 'Alice'}
2025-09-18 21:09:16 | INFO | Message received from author: Alice
2025-09-18 21:09:16 | INFO | Updated author counts: {'Eve': 54, 'Alice': 76, 'Charlie': 46, 'Diana': 83, 'Bob': 51}
2025-09-18 21:09:16 | INFO | Chart updated successfully for message: {"message": "JSON makes life easier.", "author": "Alice"}
2025-09-18 21:09:16 | INFO | Processed JSON message: {'message': 'Data engineering is my passion.', 'author': 'Diana'}
2025-09-18 21:09:16 | INFO | Message received from author: Diana
2025-09-18 21:09:16 | INFO | Updated author counts: {'Eve': 54, 'Alice': 76, 'Charlie': 46, 'Diana': 84, 'Bob': 51}
2025-09-18 21:09:16 | INFO | Chart updated successfully for message: {"message": "Data engineering is my passion.", "author": "Diana"}
2025-09-18 21:09:16 | INFO | Processed JSON message: {'message': 'JSON makes life easier.', 'author': 'Diana'}
2025-09-18 21:09:16 | INFO | Message received from author: Diana
2025-09-18 21:09:16 | INFO | Updated author counts: {'Eve': 54, 'Alice': 76, 'Charlie': 46, 'Diana': 85, 'Bob': 51}
2025-09-18 21:09:16 | INFO | Chart updated successfully for message: {"message": "JSON makes life easier.", "author": "Diana"}
2025-09-18 21:09:16 | INFO | Processed JSON message: {'message': 'Kafka is awesome.', 'author': 'Charlie'}
2025-09-18 21:09:16 | INFO | Message received from author: Charlie
2025-09-18 21:09:16 | INFO | Updated author counts: {'Eve': 54, 'Alice': 76, 'Charlie': 47, 'Diana': 85, 'Bob': 51}
2025-09-18 21:09:16 | INFO | Chart updated successfully for message: {"message": "Kafka is awesome.", "author": "Charlie"}
2025-09-18 21:09:16 | INFO | Processed JSON message: {'message': 'JSON makes life easier.', 'author': 'Bob'}
2025-09-18 21:09:16 | INFO | Message received from author: Bob
2025-09-18 21:09:16 | INFO | Updated author counts: {'Eve': 54, 'Alice': 76, 'Charlie': 47, 'Diana': 85, 'Bob': 52}
2025-09-18 21:09:16 | INFO | Chart updated successfully for message: {"message": "JSON makes life easier.", "author": "Bob"}
2025-09-18 21:09:16 | INFO | Processed JSON message: {'message': 'I love Python!', 'author': 'Bob'}
2025-09-18 21:09:16 | INFO | Message received from author: Bob
2025-09-18 21:09:16 | INFO | Updated author counts: {'Eve': 54, 'Alice': 76, 'Charlie': 47, 'Diana': 85, 'Bob': 53}
2025-09-18 21:09:16 | INFO | Chart updated successfully for message: {"message": "I love Python!", "author": "Bob"}
2025-09-18 21:09:16 | INFO | Processed JSON message: {'message': 'This is a buzz message.', 'author': 'Eve'}
2025-09-18 21:09:16 | INFO | Message received from author: Eve
2025-09-18 21:09:16 | INFO | Updated author counts: {'Eve': 55, 'Alice': 76, 'Charlie': 47, 'Diana': 85, 'Bob': 53}
2025-09-18 21:09:17 | INFO | Chart updated successfully for message: {"message": "This is a buzz message.", "author": "Eve"}
2025-09-18 21:09:17 | INFO | Processed JSON message: {'message': 'I love Python!', 'author': 'Eve'}
2025-09-18 21:09:17 | INFO | Message received from author: Eve
2025-09-18 21:09:17 | INFO | Updated author counts: {'Eve': 56, 'Alice': 76, 'Charlie': 47, 'Diana': 85, 'Bob': 53}
2025-09-18 21:09:17 | INFO | Chart updated successfully for message: {"message": "I love Python!", "author": "Eve"}
2025-09-18 21:09:17 | INFO | Processed JSON message: {'message': 'Buzz messages for everyone.', 'author': 'Alice'}
2025-09-18 21:09:17 | INFO | Message received from author: Alice
2025-09-18 21:09:17 | INFO | Updated author counts: {'Eve': 56, 'Alice': 77, 'Charlie': 47, 'Diana': 85, 'Bob': 53}
2025-09-18 21:09:17 | INFO | Chart updated successfully for message: {"message": "Buzz messages for everyone.", "author": "Alice"}
2025-09-18 21:09:17 | INFO | Processed JSON message: {'message': 'This is a buzz message.', 'author': 'Alice'}
2025-09-18 21:09:17 | INFO | Message received from author: Alice
2025-09-18 21:09:17 | INFO | Updated author counts: {'Eve': 56, 'Alice': 78, 'Charlie': 47, 'Diana': 85, 'Bob': 53}
2025-09-18 21:09:17 | INFO | Chart updated successfully for message: {"message": "This is a buzz message.", "author": "Alice"}
2025-09-18 21:09:17 | INFO | Processed JSON message: {'message': 'Data engineering is my passion.', 'author': 'Diana'}
2025-09-18 21:09:17 | INFO | Message received from author: Diana
2025-09-18 21:09:17 | INFO | Updated author counts: {'Eve': 56, 'Alice': 78, 'Charlie': 47, 'Diana': 86, 'Bob': 53}
2025-09-18 21:09:17 | INFO | Chart updated successfully for message: {"message": "Data engineering is my passion.", "author": "Diana"}
2025-09-18 21:09:17 | INFO | Processed JSON message: {'message': 'I love Python!', 'author': 'Eve'}
2025-09-18 21:09:17 | INFO | Message received from author: Eve
2025-09-18 21:09:17 | INFO | Updated author counts: {'Eve': 57, 'Alice': 78, 'Charlie': 47, 'Diana': 86, 'Bob': 53}
2025-09-18 21:09:17 | INFO | Chart updated successfully for message: {"message": "I love Python!", "author": "Eve"}
2025-09-18 21:09:17 | INFO | Processed JSON message: {'message': 'JSON makes life easier.', 'author': 'Charlie'}
2025-09-18 21:09:17 | INFO | Message received from author: Charlie
2025-09-18 21:09:17 | INFO | Updated author counts: {'Eve': 57, 'Alice': 78, 'Charlie': 48, 'Diana': 86, 'Bob': 53}
2025-09-18 21:09:17 | INFO | Chart updated successfully for message: {"message": "JSON makes life easier.", "author": "Charlie"}
2025-09-18 21:09:17 | INFO | Processed JSON message: {'message': 'Have a great day!', 'author': 'Bob'}
2025-09-18 21:09:17 | INFO | Message received from author: Bob
2025-09-18 21:09:17 | INFO | Updated author counts: {'Eve': 57, 'Alice': 78, 'Charlie': 48, 'Diana': 86, 'Bob': 54}
2025-09-18 21:09:18 | INFO | Chart updated successfully for message: {"message": "Have a great day!", "author": "Bob"}
2025-09-18 21:09:18 | INFO | Processed JSON message: {'message': 'Data engineering is my passion.', 'author': 'Alice'}
2025-09-18 21:09:18 | INFO | Message received from author: Alice
2025-09-18 21:09:18 | INFO | Updated author counts: {'Eve': 57, 'Alice': 79, 'Charlie': 48, 'Diana': 86, 'Bob': 54}
2025-09-18 21:09:18 | INFO | Chart updated successfully for message: {"message": "Data engineering is my passion.", "author": "Alice"}
2025-09-18 21:09:18 | INFO | Processed JSON message: {'message': 'Kafka is awesome.', 'author': 'Diana'}
2025-09-18 21:09:18 | INFO | Message received from author: Diana
2025-09-18 21:09:18 | INFO | Updated author counts: {'Eve': 57, 'Alice': 79, 'Charlie': 48, 'Diana': 87, 'Bob': 54}
2025-09-18 21:09:18 | INFO | Chart updated successfully for message: {"message": "Kafka is awesome.", "author": "Diana"}
2025-09-18 21:09:18 | INFO | Processed JSON message: {'message': 'Kafka is awesome.', 'author': 'Diana'}
2025-09-18 21:09:18 | INFO | Message received from author: Diana
2025-09-18 21:09:18 | INFO | Updated author counts: {'Eve': 57, 'Alice': 79, 'Charlie': 48, 'Diana': 88, 'Bob': 54}
2025-09-18 21:09:18 | INFO | Chart updated successfully for message: {"message": "Kafka is awesome.", "author": "Diana"}
2025-09-18 21:09:18 | INFO | Processed JSON message: {'message': 'Hello, Kafka world!', 'author': 'Bob'}
2025-09-18 21:09:18 | INFO | Message received from author: Bob
2025-09-18 21:09:18 | INFO | Updated author counts: {'Eve': 57, 'Alice': 79, 'Charlie': 48, 'Diana': 88, 'Bob': 55}
2025-09-18 21:09:18 | INFO | Chart updated successfully for message: {"message": "Hello, Kafka world!", "author": "Bob"}
2025-09-18 21:09:18 | INFO | Processed JSON message: {'message': 'Distributed systems are fascinating.', 'author': 'Diana'}
2025-09-18 21:09:18 | INFO | Message received from author: Diana
2025-09-18 21:09:18 | INFO | Updated author counts: {'Eve': 57, 'Alice': 79, 'Charlie': 48, 'Diana': 89, 'Bob': 55}
2025-09-18 21:09:18 | INFO | Chart updated successfully for message: {"message": "Distributed systems are fascinating.", "author": "Diana"}
2025-09-18 21:09:18 | INFO | Processed JSON message: {'message': 'I love Python!', 'author': 'Diana'}
2025-09-18 21:09:18 | INFO | Message received from author: Diana
2025-09-18 21:09:18 | INFO | Updated author counts: {'Eve': 57, 'Alice': 79, 'Charlie': 48, 'Diana': 90, 'Bob': 55}
2025-09-18 21:09:18 | INFO | Chart updated successfully for message: {"message": "I love Python!", "author": "Diana"}
2025-09-18 21:09:18 | INFO | Processed JSON message: {'message': 'Have a great day!', 'author': 'Alice'}
2025-09-18 21:09:18 | INFO | Message received from author: Alice
2025-09-18 21:09:18 | INFO | Updated author counts: {'Eve': 57, 'Alice': 80, 'Charlie': 48, 'Diana': 90, 'Bob': 55}
2025-09-18 21:09:18 | INFO | Chart updated successfully for message: {"message": "Have a great day!", "author": "Alice"}
2025-09-18 21:09:18 | INFO | Sent message to topic 'buzzline_json': {'message': 'Streaming data is fun.', 'author': 'Diana'}
2025-09-18 21:09:18 | INFO | Processed JSON message: {'message': 'Hello, Kafka world!', 'author': 'Charlie'}
2025-09-18 21:09:18 | INFO | Message received from author: Charlie
2025-09-18 21:09:18 | INFO | Updated author counts: {'Eve': 57, 'Alice': 80, 'Charlie': 49, 'Diana': 90, 'Bob': 55}
2025-09-18 21:09:18 | INFO | Chart updated successfully for message: {"message": "Hello, Kafka world!", "author": "Charlie"}
2025-09-18 21:09:18 | INFO | Processed JSON message: {'message': 'JSON makes life easier.', 'author': 'Diana'}
2025-09-18 21:09:18 | INFO | Message received from author: Diana
2025-09-18 21:09:18 | INFO | Updated author counts: {'Eve': 57, 'Alice': 80, 'Charlie': 49, 'Diana': 91, 'Bob': 55}
2025-09-18 21:09:19 | INFO | Chart updated successfully for message: {"message": "JSON makes life easier.", "author": "Diana"}
2025-09-18 21:09:19 | INFO | Processed JSON message: {'message': 'I love Python!', 'author': 'Bob'}
2025-09-18 21:09:19 | INFO | Message received from author: Bob
2025-09-18 21:09:19 | INFO | Updated author counts: {'Eve': 57, 'Alice': 80, 'Charlie': 49, 'Diana': 91, 'Bob': 56}
2025-09-18 21:09:19 | INFO | Chart updated successfully for message: {"message": "I love Python!", "author": "Bob"}
2025-09-18 21:09:19 | INFO | Processed JSON message: {'message': 'Have a great day!', 'author': 'Diana'}
2025-09-18 21:09:19 | INFO | Message received from author: Diana
2025-09-18 21:09:19 | INFO | Updated author counts: {'Eve': 57, 'Alice': 80, 'Charlie': 49, 'Diana': 92, 'Bob': 56}
2025-09-18 21:09:19 | INFO | Chart updated successfully for message: {"message": "Have a great day!", "author": "Diana"}
2025-09-18 21:09:19 | INFO | Processed JSON message: {'message': 'Hello, Kafka world!', 'author': 'Alice'}
2025-09-18 21:09:19 | INFO | Message received from author: Alice
2025-09-18 21:09:19 | INFO | Updated author counts: {'Eve': 57, 'Alice': 81, 'Charlie': 49, 'Diana': 92, 'Bob': 56}
2025-09-18 21:09:19 | INFO | Chart updated successfully for message: {"message": "Hello, Kafka world!", "author": "Alice"}
2025-09-18 21:09:19 | INFO | Processed JSON message: {'message': 'JSON makes life easier.', 'author': 'Alice'}
2025-09-18 21:09:19 | INFO | Message received from author: Alice
2025-09-18 21:09:19 | INFO | Updated author counts: {'Eve': 57, 'Alice': 82, 'Charlie': 49, 'Diana': 92, 'Bob': 56}
2025-09-18 21:09:19 | INFO | Chart updated successfully for message: {"message": "JSON makes life easier.", "author": "Alice"}
2025-09-18 21:09:19 | INFO | Processed JSON message: {'message': 'Buzz messages for everyone.', 'author': 'Charlie'}
2025-09-18 21:09:19 | INFO | Message received from author: Charlie
2025-09-18 21:09:19 | INFO | Updated author counts: {'Eve': 57, 'Alice': 82, 'Charlie': 50, 'Diana': 92, 'Bob': 56}
2025-09-18 21:09:19 | INFO | Chart updated successfully for message: {"message": "Buzz messages for everyone.", "author": "Charlie"}
2025-09-18 21:09:19 | INFO | Processed JSON message: {'message': 'Buzz messages for everyone.', 'author': 'Bob'}
2025-09-18 21:09:19 | INFO | Message received from author: Bob
2025-09-18 21:09:19 | INFO | Updated author counts: {'Eve': 57, 'Alice': 82, 'Charlie': 50, 'Diana': 92, 'Bob': 57}
2025-09-18 21:09:20 | INFO | Chart updated successfully for message: {"message": "Buzz messages for everyone.", "author": "Bob"}
2025-09-18 21:09:20 | INFO | Processed JSON message: {'message': 'Streaming data is fun.', 'author': 'Diana'}
2025-09-18 21:09:20 | INFO | Message received from author: Diana
2025-09-18 21:09:20 | INFO | Updated author counts: {'Eve': 57, 'Alice': 82, 'Charlie': 50, 'Diana': 93, 'Bob': 57}
2025-09-18 21:09:20 | INFO | Chart updated successfully for message: {"message": "Streaming data is fun.", "author": "Diana"}
2025-09-18 21:09:20 | INFO | Processed JSON message: {'message': 'Have a great day!', 'author': 'Diana'}
2025-09-18 21:09:20 | INFO | Message received from author: Diana
2025-09-18 21:09:20 | INFO | Updated author counts: {'Eve': 57, 'Alice': 82, 'Charlie': 50, 'Diana': 94, 'Bob': 57}
2025-09-18 21:09:20 | INFO | Chart updated successfully for message: {"message": "Have a great day!", "author": "Diana"}
2025-09-18 21:09:20 | INFO | Processed JSON message: {'message': 'I love Python!', 'author': 'Alice'}
2025-09-18 21:09:20 | INFO | Message received from author: Alice
2025-09-18 21:09:20 | INFO | Updated author counts: {'Eve': 57, 'Alice': 83, 'Charlie': 50, 'Diana': 94, 'Bob': 57}
2025-09-18 21:09:20 | INFO | Chart updated successfully for message: {"message": "I love Python!", "author": "Alice"}
2025-09-18 21:09:20 | INFO | Processed JSON message: {'message': 'Streaming data is fun.', 'author': 'Charlie'}
2025-09-18 21:09:20 | INFO | Message received from author: Charlie
2025-09-18 21:09:20 | INFO | Updated author counts: {'Eve': 57, 'Alice': 83, 'Charlie': 51, 'Diana': 94, 'Bob': 57}
2025-09-18 21:09:20 | INFO | Chart updated successfully for message: {"message": "Streaming data is fun.", "author": "Charlie"}
2025-09-18 21:09:20 | INFO | Processed JSON message: {'message': 'Kafka is awesome.', 'author': 'Alice'}
2025-09-18 21:09:20 | INFO | Message received from author: Alice
2025-09-18 21:09:20 | INFO | Updated author counts: {'Eve': 57, 'Alice': 84, 'Charlie': 51, 'Diana': 94, 'Bob': 57}
2025-09-18 21:09:20 | INFO | Chart updated successfully for message: {"message": "Kafka is awesome.", "author": "Alice"}
2025-09-18 21:09:20 | INFO | Processed JSON message: {'message': 'Kafka is awesome.', 'author': 'Diana'}
2025-09-18 21:09:20 | INFO | Message received from author: Diana
2025-09-18 21:09:20 | INFO | Updated author counts: {'Eve': 57, 'Alice': 84, 'Charlie': 51, 'Diana': 95, 'Bob': 57}
2025-09-18 21:09:20 | INFO | Chart updated successfully for message: {"message": "Kafka is awesome.", "author": "Diana"}
2025-09-18 21:09:20 | INFO | Processed JSON message: {'message': 'Kafka is awesome.', 'author': 'Alice'}
2025-09-18 21:09:20 | INFO | Message received from author: Alice
2025-09-18 21:09:20 | INFO | Updated author counts: {'Eve': 57, 'Alice': 85, 'Charlie': 51, 'Diana': 95, 'Bob': 57}
2025-09-18 21:09:21 | INFO | Chart updated successfully for message: {"message": "Kafka is awesome.", "author": "Alice"}
2025-09-18 21:09:21 | INFO | Processed JSON message: {'message': 'JSON makes life easier.', 'author': 'Bob'}
2025-09-18 21:09:21 | INFO | Message received from author: Bob
2025-09-18 21:09:21 | INFO | Updated author counts: {'Eve': 57, 'Alice': 85, 'Charlie': 51, 'Diana': 95, 'Bob': 58}
2025-09-18 21:09:21 | INFO | Chart updated successfully for message: {"message": "JSON makes life easier.", "author": "Bob"}
2025-09-18 21:09:21 | INFO | Processed JSON message: {'message': 'This is a buzz message.', 'author': 'Bob'}
2025-09-18 21:09:21 | INFO | Message received from author: Bob
2025-09-18 21:09:21 | INFO | Updated author counts: {'Eve': 57, 'Alice': 85, 'Charlie': 51, 'Diana': 95, 'Bob': 59}
2025-09-18 21:09:21 | INFO | Chart updated successfully for message: {"message": "This is a buzz message.", "author": "Bob"}
2025-09-18 21:09:21 | INFO | Processed JSON message: {'message': 'Streaming data is fun.', 'author': 'Diana'}
2025-09-18 21:09:21 | INFO | Message received from author: Diana
2025-09-18 21:09:21 | INFO | Updated author counts: {'Eve': 57, 'Alice': 85, 'Charlie': 51, 'Diana': 96, 'Bob': 59}
2025-09-18 21:09:21 | INFO | Chart updated successfully for message: {"message": "Streaming data is fun.", "author": "Diana"}
2025-09-18 21:09:21 | INFO | Processed JSON message: {'message': 'Have a great day!', 'author': 'Bob'}
2025-09-18 21:09:21 | INFO | Message received from author: Bob
2025-09-18 21:09:21 | INFO | Updated author counts: {'Eve': 57, 'Alice': 85, 'Charlie': 51, 'Diana': 96, 'Bob': 60}
2025-09-18 21:09:21 | INFO | Chart updated successfully for message: {"message": "Have a great day!", "author": "Bob"}
2025-09-18 21:09:21 | INFO | Processed JSON message: {'message': 'This is a buzz message.', 'author': 'Eve'}
2025-09-18 21:09:21 | INFO | Message received from author: Eve
2025-09-18 21:09:21 | INFO | Updated author counts: {'Eve': 58, 'Alice': 85, 'Charlie': 51, 'Diana': 96, 'Bob': 60}
2025-09-18 21:09:21 | INFO | Chart updated successfully for message: {"message": "This is a buzz message.", "author": "Eve"}
2025-09-18 21:09:21 | INFO | Processed JSON message: {'message': 'Hello, Kafka world!', 'author': 'Bob'}
2025-09-18 21:09:21 | INFO | Message received from author: Bob
2025-09-18 21:09:21 | INFO | Updated author counts: {'Eve': 58, 'Alice': 85, 'Charlie': 51, 'Diana': 96, 'Bob': 61}
2025-09-18 21:09:21 | INFO | Chart updated successfully for message: {"message": "Hello, Kafka world!", "author": "Bob"}
2025-09-18 21:09:21 | INFO | Processed JSON message: {'message': 'This is a buzz message.', 'author': 'Alice'}
2025-09-18 21:09:21 | INFO | Message received from author: Alice
2025-09-18 21:09:21 | INFO | Sent message to topic 'buzzline_json': {'message': 'Have a great day!', 'author': 'Diana'}
2025-09-18 21:09:21 | INFO | Updated author counts: {'Eve': 58, 'Alice': 86, 'Charlie': 51, 'Diana': 96, 'Bob': 61}
2025-09-18 21:09:21 | INFO | Chart updated successfully for message: {"message": "This is a buzz message.", "author": "Alice"}
2025-09-18 21:09:21 | INFO | Processed JSON message: {'message': 'Streaming data is fun.', 'author': 'Eve'}
2025-09-18 21:09:21 | INFO | Message received from author: Eve
2025-09-18 21:09:21 | INFO | Updated author counts: {'Eve': 59, 'Alice': 86, 'Charlie': 51, 'Diana': 96, 'Bob': 61}
2025-09-18 21:09:21 | INFO | Chart updated successfully for message: {"message": "Streaming data is fun.", "author": "Eve"}
2025-09-18 21:09:21 | INFO | Processed JSON message: {'message': 'Kafka is awesome.', 'author': 'Alice'}
2025-09-18 21:09:21 | INFO | Message received from author: Alice
2025-09-18 21:09:21 | INFO | Updated author counts: {'Eve': 59, 'Alice': 87, 'Charlie': 51, 'Diana': 96, 'Bob': 61}
2025-09-18 21:09:22 | INFO | Chart updated successfully for message: {"message": "Kafka is awesome.", "author": "Alice"}
2025-09-18 21:09:22 | INFO | Processed JSON message: {'message': 'JSON makes life easier.', 'author': 'Bob'}
2025-09-18 21:09:22 | INFO | Message received from author: Bob
2025-09-18 21:09:22 | INFO | Updated author counts: {'Eve': 59, 'Alice': 87, 'Charlie': 51, 'Diana': 96, 'Bob': 62}
2025-09-18 21:09:22 | INFO | Chart updated successfully for message: {"message": "JSON makes life easier.", "author": "Bob"}
2025-09-18 21:09:22 | INFO | Processed JSON message: {'message': 'This is a buzz message.', 'author': 'Charlie'}
2025-09-18 21:09:22 | INFO | Message received from author: Charlie
2025-09-18 21:09:22 | INFO | Updated author counts: {'Eve': 59, 'Alice': 87, 'Charlie': 52, 'Diana': 96, 'Bob': 62}
2025-09-18 21:09:22 | INFO | Chart updated successfully for message: {"message": "This is a buzz message.", "author": "Charlie"}
2025-09-18 21:09:22 | INFO | Processed JSON message: {'message': 'Have a great day!', 'author': 'Diana'}
2025-09-18 21:09:22 | INFO | Message received from author: Diana
2025-09-18 21:09:22 | INFO | Updated author counts: {'Eve': 59, 'Alice': 87, 'Charlie': 52, 'Diana': 97, 'Bob': 62}
2025-09-18 21:09:22 | INFO | Chart updated successfully for message: {"message": "Have a great day!", "author": "Diana"}
2025-09-18 21:09:22 | INFO | Processed JSON message: {'message': 'Distributed systems are fascinating.', 'author': 'Bob'}
2025-09-18 21:09:22 | INFO | Message received from author: Bob
2025-09-18 21:09:22 | INFO | Updated author counts: {'Eve': 59, 'Alice': 87, 'Charlie': 52, 'Diana': 97, 'Bob': 63}
2025-09-18 21:09:22 | INFO | Chart updated successfully for message: {"message": "Distributed systems are fascinating.", "author": "Bob"}
2025-09-18 21:09:22 | INFO | Processed JSON message: {'message': 'Kafka is awesome.', 'author': 'Alice'}
2025-09-18 21:09:22 | INFO | Message received from author: Alice
2025-09-18 21:09:22 | INFO | Updated author counts: {'Eve': 59, 'Alice': 88, 'Charlie': 52, 'Diana': 97, 'Bob': 63}
2025-09-18 21:09:22 | INFO | Chart updated successfully for message: {"message": "Kafka is awesome.", "author": "Alice"}
2025-09-18 21:09:22 | INFO | Processed JSON message: {'message': 'Streaming data is fun.', 'author': 'Alice'}
2025-09-18 21:09:22 | INFO | Message received from author: Alice
2025-09-18 21:09:22 | INFO | Updated author counts: {'Eve': 59, 'Alice': 89, 'Charlie': 52, 'Diana': 97, 'Bob': 63}
2025-09-18 21:09:22 | INFO | Chart updated successfully for message: {"message": "Streaming data is fun.", "author": "Alice"}
2025-09-18 21:09:22 | INFO | Processed JSON message: {'message': 'Have a great day!', 'author': 'Diana'}
2025-09-18 21:09:22 | INFO | Message received from author: Diana
2025-09-18 21:09:22 | INFO | Updated author counts: {'Eve': 59, 'Alice': 89, 'Charlie': 52, 'Diana': 98, 'Bob': 63}
2025-09-18 21:09:22 | INFO | Chart updated successfully for message: {"message": "Have a great day!", "author": "Diana"}
2025-09-18 21:09:22 | INFO | Processed JSON message: {'message': 'Streaming data is fun.', 'author': 'Alice'}
2025-09-18 21:09:22 | INFO | Message received from author: Alice
2025-09-18 21:09:22 | INFO | Updated author counts: {'Eve': 59, 'Alice': 90, 'Charlie': 52, 'Diana': 98, 'Bob': 63}
2025-09-18 21:09:22 | INFO | Chart updated successfully for message: {"message": "Streaming data is fun.", "author": "Alice"}
2025-09-18 21:09:22 | INFO | Processed JSON message: {'message': 'This is a buzz message.', 'author': 'Diana'}
2025-09-18 21:09:22 | INFO | Message received from author: Diana
2025-09-18 21:09:22 | INFO | Updated author counts: {'Eve': 59, 'Alice': 90, 'Charlie': 52, 'Diana': 99, 'Bob': 63}
2025-09-18 21:09:23 | INFO | Chart updated successfully for message: {"message": "This is a buzz message.", "author": "Diana"}
2025-09-18 21:09:23 | INFO | Processed JSON message: {'message': 'Data engineering is my passion.', 'author': 'Bob'}
2025-09-18 21:09:23 | INFO | Message received from author: Bob
2025-09-18 21:09:23 | INFO | Updated author counts: {'Eve': 59, 'Alice': 90, 'Charlie': 52, 'Diana': 99, 'Bob': 64}
2025-09-18 21:09:23 | INFO | Chart updated successfully for message: {"message": "Data engineering is my passion.", "author": "Bob"}
2025-09-18 21:09:23 | INFO | Processed JSON message: {'message': 'Have a great day!', 'author': 'Diana'}
2025-09-18 21:09:23 | INFO | Message received from author: Diana
2025-09-18 21:09:23 | INFO | Updated author counts: {'Eve': 59, 'Alice': 90, 'Charlie': 52, 'Diana': 100, 'Bob': 64}
2025-09-18 21:09:23 | INFO | Chart updated successfully for message: {"message": "Have a great day!", "author": "Diana"}
2025-09-18 21:09:23 | INFO | Processed JSON message: {'message': 'Kafka is awesome.', 'author': 'Alice'}
2025-09-18 21:09:23 | INFO | Message received from author: Alice
2025-09-18 21:09:23 | INFO | Updated author counts: {'Eve': 59, 'Alice': 91, 'Charlie': 52, 'Diana': 100, 'Bob': 64}
2025-09-18 21:09:23 | INFO | Chart updated successfully for message: {"message": "Kafka is awesome.", "author": "Alice"}
2025-09-18 21:09:23 | INFO | Processed JSON message: {'message': 'Kafka is awesome.', 'author': 'Eve'}
2025-09-18 21:09:23 | INFO | Message received from author: Eve
2025-09-18 21:09:23 | INFO | Updated author counts: {'Eve': 60, 'Alice': 91, 'Charlie': 52, 'Diana': 100, 'Bob': 64}
2025-09-18 21:09:23 | INFO | Chart updated successfully for message: {"message": "Kafka is awesome.", "author": "Eve"}
2025-09-18 21:09:23 | INFO | Processed JSON message: {'message': 'Have a great day!', 'author': 'Diana'}
2025-09-18 21:09:23 | INFO | Message received from author: Diana
2025-09-18 21:09:23 | INFO | Updated author counts: {'Eve': 60, 'Alice': 91, 'Charlie': 52, 'Diana': 101, 'Bob': 64}
2025-09-18 21:09:23 | INFO | Chart updated successfully for message: {"message": "Have a great day!", "author": "Diana"}
2025-09-18 21:09:23 | INFO | Processed JSON message: {'message': 'Buzz messages for everyone.', 'author': 'Charlie'}
2025-09-18 21:09:23 | INFO | Message received from author: Charlie
2025-09-18 21:09:23 | INFO | Updated author counts: {'Eve': 60, 'Alice': 91, 'Charlie': 53, 'Diana': 101, 'Bob': 64}
2025-09-18 21:09:23 | INFO | Chart updated successfully for message: {"message": "Buzz messages for everyone.", "author": "Charlie"}
2025-09-18 21:09:23 | INFO | Processed JSON message: {'message': 'This is a buzz message.', 'author': 'Charlie'}
2025-09-18 21:09:23 | INFO | Message received from author: Charlie
